\BOOKMARK [1][-]{section.1}{\376\377\000M\000o\000t\000i\000v\000a\000t\000i\000o\000n}{}% 1
\BOOKMARK [1][-]{section.2}{\376\377\000A\000p\000p\000r\000o\000a\000c\000h\000\040\0001\000:\000\040\000R\000h\000e\000o\000l\000o\000g\000y\000\040\000C\000o\000r\000r\000e\000c\000t\000i\000o\000n\000\040\000\050\000n\000=\0003\000\040\000n\000=\0004\000\051}{}% 2
\BOOKMARK [2][-]{subsection.2.1}{\376\377\000P\000h\000y\000s\000i\000c\000a\000l\000\040\000b\000a\000s\000i\000s}{section.2}% 3
\BOOKMARK [2][-]{subsection.2.2}{\376\377\000Q\000u\000a\000n\000t\000i\000t\000a\000t\000i\000v\000e\000\040\000i\000m\000p\000a\000c\000t}{section.2}% 4
\BOOKMARK [2][-]{subsection.2.3}{\376\377\000I\000m\000p\000l\000e\000m\000e\000n\000t\000a\000t\000i\000o\000n}{section.2}% 5
\BOOKMARK [1][-]{section.3}{\376\377\000A\000p\000p\000r\000o\000a\000c\000h\000\040\0002\000:\000\040\000S\000t\000o\000c\000h\000a\000s\000t\000i\000c\000\040\000A\000m\000p\000l\000i\000f\000i\000c\000a\000t\000i\000o\000n}{}% 6
\BOOKMARK [2][-]{subsection.3.1}{\376\377\000P\000h\000y\000s\000i\000c\000a\000l\000\040\000b\000a\000s\000i\000s}{section.3}% 7
\BOOKMARK [2][-]{subsection.3.2}{\376\377\000I\000m\000p\000l\000e\000m\000e\000n\000t\000a\000t\000i\000o\000n}{section.3}% 8
\BOOKMARK [1][-]{section.4}{\376\377\000A\000p\000p\000r\000o\000a\000c\000h\000\040\0003\000:\000\040\000P\000r\000o\000c\000e\000s\000s\000-\000I\000n\000f\000o\000r\000m\000e\000d\000\040\000S\000c\000e\000n\000a\000r\000i\000o\000\040\000W\000e\000i\000g\000h\000t\000i\000n\000g}{}% 9
\BOOKMARK [2][-]{subsection.4.1}{\376\377\000R\000a\000t\000i\000o\000n\000a\000l\000e}{section.4}% 10
\BOOKMARK [2][-]{subsection.4.2}{\376\377\000S\000c\000e\000n\000a\000r\000i\000o\000\040\000d\000e\000f\000i\000n\000i\000t\000i\000o\000n\000s}{section.4}% 11
\BOOKMARK [2][-]{subsection.4.3}{\376\377\000P\000r\000o\000b\000a\000b\000i\000l\000i\000t\000y\000\040\000a\000s\000s\000e\000s\000s\000m\000e\000n\000t}{section.4}% 12
\BOOKMARK [2][-]{subsection.4.4}{\376\377\000T\000e\000m\000p\000o\000r\000a\000l\000\040\000s\000c\000a\000l\000i\000n\000g}{section.4}% 13
\BOOKMARK [1][-]{section.5}{\376\377\000A\000p\000p\000r\000o\000a\000c\000h\000\040\0004\000:\000\040\000R\000h\000e\000o\000l\000o\000g\000y\000-\000C\000o\000r\000r\000e\000c\000t\000e\000d\000\040\000S\000c\000e\000n\000a\000r\000i\000o\000\040\000M\000i\000x\000t\000u\000r\000e\000\040\000+\000\040\000S\000t\000o\000c\000h\000a\000s\000t\000i\000c\000\040\000A\000m\000p\000l\000i\000f\000i\000c\000a\000t\000i\000o\000n}{}% 14
\BOOKMARK [2][-]{subsection.5.1}{\376\377\000R\000e\000s\000t\000r\000u\000c\000t\000u\000r\000e\000d\000\040\000s\000c\000e\000n\000a\000r\000i\000o\000s}{section.5}% 15
\BOOKMARK [2][-]{subsection.5.2}{\376\377\000C\000o\000m\000b\000i\000n\000e\000d\000\040\000p\000i\000p\000e\000l\000i\000n\000e}{section.5}% 16
\BOOKMARK [1][-]{section.6}{\376\377\000R\000e\000s\000u\000l\000t\000s\000\040\000a\000n\000d\000\040\000C\000o\000m\000p\000a\000r\000i\000s\000o\000n}{}% 17
\BOOKMARK [2][-]{subsection.6.1}{\376\377\000i\000c\000e\000\040\000a\000t\000\040\0002\0001\0000\0000}{section.6}% 18
\BOOKMARK [2][-]{subsection.6.2}{\376\377\000I\000m\000p\000a\000c\000t\000\040\000o\000n\000\040\000v\000a\000r\000i\000a\000n\000c\000e\000\040\000d\000e\000c\000o\000m\000p\000o\000s\000i\000t\000i\000o\000n}{section.6}% 19
\BOOKMARK [2][-]{subsection.6.3}{\376\377\000D\000i\000s\000t\000r\000i\000b\000u\000t\000i\000o\000n\000\040\000s\000h\000a\000p\000e}{section.6}% 20
\BOOKMARK [1][-]{section.7}{\376\377\000C\000a\000v\000e\000a\000t\000s\000\040\000a\000n\000d\000\040\000L\000i\000m\000i\000t\000a\000t\000i\000o\000n\000s}{}% 21
\BOOKMARK [1][-]{section.8}{\376\377\000R\000e\000c\000o\000m\000m\000e\000n\000d\000a\000t\000i\000o\000n\000s}{}% 22
